<?xml version="1.0" encoding="UTF-8"?>
<testsuite name="CustomerTest" tests="3" skipped="0" failures="0" errors="0" timestamp="2022-04-25T15:33:10" hostname="UKC02ZLUJYMD6M" time="0.021">
  <properties/>
  <testcase name="testEmptyInput()" classname="CustomerTest" time="0.016"/>
  <testcase name="testInputIsInt()" classname="CustomerTest" time="0.001"/>
  <testcase name="testUsingSimpleRegex()" classname="CustomerTest" time="0.002"/>
  <system-out><![CDATA[]]></system-out>
  <system-err><![CDATA[]]></system-err>
</testsuite>
