<?xml version="1.0" encoding="UTF-8"?>
<testsuite name="CustomerTest" tests="2" skipped="0" failures="0" errors="0" timestamp="2022-04-21T14:15:33" hostname="UKC02ZKM9HMD6M" time="0.074">
  <properties/>
  <testcase name="testEmptyInput()" classname="CustomerTest" time="0.02"/>
  <testcase name="testStuff()" classname="CustomerTest" time="0.053"/>
  <system-out><![CDATA[]]></system-out>
  <system-err><![CDATA[]]></system-err>
</testsuite>
